[2018-10-24 13:29:06.211] [exthost1] [info] extension host started
[2018-10-24 13:29:06.455] [exthost1] [info] extension host started
[2018-10-24 13:29:06.474] [exthost1] [info] ExtensionService#_doActivateExtension vscode.debug-auto-launch {"startup":true,"activationEvent":"*"}
[2018-10-24 13:29:06.474] [exthost1] [info] ExtensionService#loadCommonJSModule c:\Users\student\.codemix\engine\resources\app\extensions\debug-auto-launch\out\extension
[2018-10-24 13:29:06.481] [exthost1] [info] ExtensionService#_doActivateExtension vscode.emmet {"startup":true,"activationEvent":"*"}
[2018-10-24 13:29:06.481] [exthost1] [info] ExtensionService#loadCommonJSModule c:\Users\student\.codemix\engine\resources\app\extensions\emmet\dist\extension
[2018-10-24 13:29:06.513] [exthost1] [info] ExtensionService#_doActivateExtension vscode.merge-conflict {"startup":true,"activationEvent":"*"}
[2018-10-24 13:29:06.513] [exthost1] [info] ExtensionService#loadCommonJSModule c:\Users\student\.codemix\engine\resources\app\extensions\merge-conflict\out\extension
[2018-10-24 13:29:06.529] [exthost1] [info] ExtensionService#_doActivateExtension vscode.search-rg {"startup":true,"activationEvent":"*"}
[2018-10-24 13:29:06.529] [exthost1] [info] ExtensionService#loadCommonJSModule c:\Users\student\.codemix\engine\resources\app\extensions\search-rg\out\extension
[2018-10-24 13:29:06.536] [exthost1] [info] ExtensionService#_doActivateExtension christian-kohler.path-intellisense {"startup":true,"activationEvent":"*"}
[2018-10-24 13:29:06.536] [exthost1] [info] ExtensionService#loadCommonJSModule C:\Users\student\.vscode\extensions\christian-kohler.path-intellisense-1.4.2\out\src\extension
[2018-10-24 13:29:06.547] [exthost1] [info] ExtensionService#_doActivateExtension dbaeumer.vscode-eslint {"startup":true,"activationEvent":"*"}
[2018-10-24 13:29:06.547] [exthost1] [info] ExtensionService#loadCommonJSModule C:\Users\student\.vscode\extensions\dbaeumer.vscode-eslint-1.4.10\client\out\extension
[2018-10-24 13:29:06.605] [exthost1] [info] ExtensionService#_doActivateExtension formulahendry.auto-close-tag {"startup":true,"activationEvent":"*"}
[2018-10-24 13:29:06.605] [exthost1] [info] ExtensionService#loadCommonJSModule C:\Users\student\.vscode\extensions\formulahendry.auto-close-tag-0.5.6\out\src\extension
[2018-10-24 13:29:06.606] [exthost1] [info] ExtensionService#_doActivateExtension HookyQR.beautify {"startup":true,"activationEvent":"*"}
[2018-10-24 13:29:06.606] [exthost1] [info] ExtensionService#loadCommonJSModule C:\Users\student\.vscode\extensions\hookyqr.beautify-1.3.0\extension
[2018-10-24 13:29:06.646] [exthost1] [info] ExtensionService#_doActivateExtension Zignd.html-css-class-completion {"startup":true,"activationEvent":"*"}
[2018-10-24 13:29:06.646] [exthost1] [info] ExtensionService#loadCommonJSModule C:\Users\student\.vscode\extensions\zignd.html-css-class-completion-1.17.1\out\src\extension
[2018-10-24 13:29:07.286] [exthost1] [info] eager extensions activated
[2018-10-24 13:29:07.287] [exthost1] [info] ExtensionService#_doActivateExtension vscode.configuration-editing {"startup":false,"activationEvent":"onLanguage:jsonc"}
[2018-10-24 13:29:07.287] [exthost1] [info] ExtensionService#loadCommonJSModule c:\Users\student\.codemix\engine\resources\app\extensions\configuration-editing\out\extension
[2018-10-24 13:29:07.296] [exthost1] [info] ExtensionService#_doActivateExtension vscode.json-language-features {"startup":false,"activationEvent":"onLanguage:jsonc"}
[2018-10-24 13:29:07.296] [exthost1] [info] ExtensionService#loadCommonJSModule c:\Users\student\.codemix\engine\resources\app\extensions\json-language-features\client\dist\jsonMain
[2018-10-24 13:29:07.398] [exthost1] [info] ExtensionService#_doActivateExtension vscode.typescript-language-features {"startup":false,"activationEvent":"onLanguage:jsonc"}
[2018-10-24 13:29:07.398] [exthost1] [info] ExtensionService#loadCommonJSModule c:\Users\student\.codemix\engine\resources\app\extensions\typescript-language-features\dist\extension
[2018-10-24 13:29:07.491] [exthost1] [info] ExtensionService#_doActivateExtension vscode.grunt {"startup":false,"activationEvent":"onCommand:workbench.action.tasks.runTask"}
[2018-10-24 13:29:07.491] [exthost1] [info] ExtensionService#loadCommonJSModule c:\Users\student\.codemix\engine\resources\app\extensions\grunt\out\main
[2018-10-24 13:29:07.498] [exthost1] [info] ExtensionService#_doActivateExtension vscode.gulp {"startup":false,"activationEvent":"onCommand:workbench.action.tasks.runTask"}
[2018-10-24 13:29:07.498] [exthost1] [info] ExtensionService#loadCommonJSModule c:\Users\student\.codemix\engine\resources\app\extensions\gulp\out\main
[2018-10-24 13:29:07.503] [exthost1] [info] ExtensionService#_doActivateExtension vscode.jake {"startup":false,"activationEvent":"onCommand:workbench.action.tasks.runTask"}
[2018-10-24 13:29:07.503] [exthost1] [info] ExtensionService#loadCommonJSModule c:\Users\student\.codemix\engine\resources\app\extensions\jake\out\main
[2018-10-24 13:29:07.507] [exthost1] [info] ExtensionService#_doActivateExtension vscode.npm {"startup":false,"activationEvent":"onCommand:workbench.action.tasks.runTask"}
[2018-10-24 13:29:07.507] [exthost1] [info] ExtensionService#loadCommonJSModule c:\Users\student\.codemix\engine\resources\app\extensions\npm\out\main
[2018-10-24 13:29:08.715] [exthost1] [info] ExtensionService#_doActivateExtension vscode.css-language-features {"startup":false,"activationEvent":"onLanguage:css"}
[2018-10-24 13:29:08.715] [exthost1] [info] ExtensionService#loadCommonJSModule c:\Users\student\.codemix\engine\resources\app\extensions\css-language-features\client\dist\cssMain
[2018-10-24 14:04:39.281] [exthost1] [info] ExtensionService#_doActivateExtension vscode.html-language-features {"startup":false,"activationEvent":"onLanguage:html"}
[2018-10-24 14:04:39.281] [exthost1] [info] ExtensionService#loadCommonJSModule c:\Users\student\.codemix\engine\resources\app\extensions\html-language-features\client\dist\htmlMain
[2018-10-24 14:04:39.423] [exthost1] [info] ExtensionService#_doActivateExtension mkaufman.HTMLHint {"startup":false,"activationEvent":"onLanguage:html"}
[2018-10-24 14:04:39.423] [exthost1] [info] ExtensionService#loadCommonJSModule C:\Users\student\.vscode\extensions\mkaufman.htmlhint-0.5.0\out\extension
