[2018-10-22 13:41:07.348] [exthost1] [info] extension host started
[2018-10-22 13:41:07.530] [exthost1] [info] extension host started
[2018-10-22 13:41:07.544] [exthost1] [info] ExtensionService#_doActivateExtension vscode.debug-auto-launch {"startup":true,"activationEvent":"*"}
[2018-10-22 13:41:07.544] [exthost1] [info] ExtensionService#loadCommonJSModule c:\Users\student\.codemix\engine\resources\app\extensions\debug-auto-launch\out\extension
[2018-10-22 13:41:07.552] [exthost1] [info] ExtensionService#_doActivateExtension vscode.emmet {"startup":true,"activationEvent":"*"}
[2018-10-22 13:41:07.552] [exthost1] [info] ExtensionService#loadCommonJSModule c:\Users\student\.codemix\engine\resources\app\extensions\emmet\dist\extension
[2018-10-22 13:41:07.589] [exthost1] [info] ExtensionService#_doActivateExtension vscode.merge-conflict {"startup":true,"activationEvent":"*"}
[2018-10-22 13:41:07.589] [exthost1] [info] ExtensionService#loadCommonJSModule c:\Users\student\.codemix\engine\resources\app\extensions\merge-conflict\out\extension
[2018-10-22 13:41:07.602] [exthost1] [info] ExtensionService#_doActivateExtension vscode.search-rg {"startup":true,"activationEvent":"*"}
[2018-10-22 13:41:07.602] [exthost1] [info] ExtensionService#loadCommonJSModule c:\Users\student\.codemix\engine\resources\app\extensions\search-rg\out\extension
[2018-10-22 13:41:07.614] [exthost1] [info] eager extensions activated
[2018-10-22 13:41:07.616] [exthost1] [info] ExtensionService#_doActivateExtension vscode.configuration-editing {"startup":false,"activationEvent":"onLanguage:jsonc"}
[2018-10-22 13:41:07.616] [exthost1] [info] ExtensionService#loadCommonJSModule c:\Users\student\.codemix\engine\resources\app\extensions\configuration-editing\out\extension
[2018-10-22 13:41:07.629] [exthost1] [info] ExtensionService#_doActivateExtension vscode.json-language-features {"startup":false,"activationEvent":"onLanguage:jsonc"}
[2018-10-22 13:41:07.630] [exthost1] [info] ExtensionService#loadCommonJSModule c:\Users\student\.codemix\engine\resources\app\extensions\json-language-features\client\dist\jsonMain
[2018-10-22 13:41:07.853] [exthost1] [info] ExtensionService#_doActivateExtension vscode.typescript-language-features {"startup":false,"activationEvent":"onLanguage:jsonc"}
[2018-10-22 13:41:07.853] [exthost1] [info] ExtensionService#loadCommonJSModule c:\Users\student\.codemix\engine\resources\app\extensions\typescript-language-features\dist\extension
[2018-10-22 13:41:08.116] [exthost1] [info] ExtensionService#_doActivateExtension vscode.grunt {"startup":false,"activationEvent":"onCommand:workbench.action.tasks.runTask"}
[2018-10-22 13:41:08.116] [exthost1] [info] ExtensionService#loadCommonJSModule c:\Users\student\.codemix\engine\resources\app\extensions\grunt\out\main
[2018-10-22 13:41:08.130] [exthost1] [info] ExtensionService#_doActivateExtension vscode.gulp {"startup":false,"activationEvent":"onCommand:workbench.action.tasks.runTask"}
[2018-10-22 13:41:08.130] [exthost1] [info] ExtensionService#loadCommonJSModule c:\Users\student\.codemix\engine\resources\app\extensions\gulp\out\main
[2018-10-22 13:41:08.143] [exthost1] [info] ExtensionService#_doActivateExtension vscode.jake {"startup":false,"activationEvent":"onCommand:workbench.action.tasks.runTask"}
[2018-10-22 13:41:08.143] [exthost1] [info] ExtensionService#loadCommonJSModule c:\Users\student\.codemix\engine\resources\app\extensions\jake\out\main
[2018-10-22 13:41:08.159] [exthost1] [info] ExtensionService#_doActivateExtension vscode.npm {"startup":false,"activationEvent":"onCommand:workbench.action.tasks.runTask"}
[2018-10-22 13:41:08.159] [exthost1] [info] ExtensionService#loadCommonJSModule c:\Users\student\.codemix\engine\resources\app\extensions\npm\out\main
[2018-10-22 13:41:08.819] [exthost1] [info] ExtensionService#_doActivateExtension vscode.html-language-features {"startup":false,"activationEvent":"onLanguage:html"}
[2018-10-22 13:41:08.819] [exthost1] [info] ExtensionService#loadCommonJSModule c:\Users\student\.codemix\engine\resources\app\extensions\html-language-features\client\dist\htmlMain
[2018-10-22 13:45:12.602] [exthost1] [info] extension host started
[2018-10-22 13:45:12.940] [exthost1] [info] extension host started
[2018-10-22 13:45:12.958] [exthost1] [info] ExtensionService#_doActivateExtension vscode.debug-auto-launch {"startup":true,"activationEvent":"*"}
[2018-10-22 13:45:12.959] [exthost1] [info] ExtensionService#loadCommonJSModule c:\Users\student\.codemix\engine\resources\app\extensions\debug-auto-launch\out\extension
[2018-10-22 13:45:12.966] [exthost1] [info] ExtensionService#_doActivateExtension vscode.emmet {"startup":true,"activationEvent":"*"}
[2018-10-22 13:45:12.966] [exthost1] [info] ExtensionService#loadCommonJSModule c:\Users\student\.codemix\engine\resources\app\extensions\emmet\dist\extension
[2018-10-22 13:45:13.001] [exthost1] [info] ExtensionService#_doActivateExtension vscode.merge-conflict {"startup":true,"activationEvent":"*"}
[2018-10-22 13:45:13.001] [exthost1] [info] ExtensionService#loadCommonJSModule c:\Users\student\.codemix\engine\resources\app\extensions\merge-conflict\out\extension
[2018-10-22 13:45:13.017] [exthost1] [info] ExtensionService#_doActivateExtension vscode.search-rg {"startup":true,"activationEvent":"*"}
[2018-10-22 13:45:13.017] [exthost1] [info] ExtensionService#loadCommonJSModule c:\Users\student\.codemix\engine\resources\app\extensions\search-rg\out\extension
[2018-10-22 13:45:13.023] [exthost1] [info] ExtensionService#_doActivateExtension christian-kohler.path-intellisense {"startup":true,"activationEvent":"*"}
[2018-10-22 13:45:13.023] [exthost1] [info] ExtensionService#loadCommonJSModule C:\Users\student\.vscode\extensions\christian-kohler.path-intellisense-1.4.2\out\src\extension
[2018-10-22 13:45:13.035] [exthost1] [info] ExtensionService#_doActivateExtension dbaeumer.vscode-eslint {"startup":true,"activationEvent":"*"}
[2018-10-22 13:45:13.035] [exthost1] [info] ExtensionService#loadCommonJSModule C:\Users\student\.vscode\extensions\dbaeumer.vscode-eslint-1.4.10\client\out\extension
[2018-10-22 13:45:13.097] [exthost1] [info] ExtensionService#_doActivateExtension formulahendry.auto-close-tag {"startup":true,"activationEvent":"*"}
[2018-10-22 13:45:13.097] [exthost1] [info] ExtensionService#loadCommonJSModule C:\Users\student\.vscode\extensions\formulahendry.auto-close-tag-0.5.6\out\src\extension
[2018-10-22 13:45:13.099] [exthost1] [info] ExtensionService#_doActivateExtension HookyQR.beautify {"startup":true,"activationEvent":"*"}
[2018-10-22 13:45:13.099] [exthost1] [info] ExtensionService#loadCommonJSModule C:\Users\student\.vscode\extensions\hookyqr.beautify-1.3.0\extension
[2018-10-22 13:45:13.142] [exthost1] [info] ExtensionService#_doActivateExtension Zignd.html-css-class-completion {"startup":true,"activationEvent":"*"}
[2018-10-22 13:45:13.142] [exthost1] [info] ExtensionService#loadCommonJSModule C:\Users\student\.vscode\extensions\zignd.html-css-class-completion-1.17.1\out\src\extension
[2018-10-22 13:45:14.277] [exthost1] [info] eager extensions activated
[2018-10-22 13:45:14.277] [exthost1] [info] ExtensionService#_doActivateExtension vscode.configuration-editing {"startup":false,"activationEvent":"onLanguage:jsonc"}
[2018-10-22 13:45:14.277] [exthost1] [info] ExtensionService#loadCommonJSModule c:\Users\student\.codemix\engine\resources\app\extensions\configuration-editing\out\extension
[2018-10-22 13:45:14.288] [exthost1] [info] ExtensionService#_doActivateExtension vscode.json-language-features {"startup":false,"activationEvent":"onLanguage:jsonc"}
[2018-10-22 13:45:14.288] [exthost1] [info] ExtensionService#loadCommonJSModule c:\Users\student\.codemix\engine\resources\app\extensions\json-language-features\client\dist\jsonMain
[2018-10-22 13:45:14.393] [exthost1] [info] ExtensionService#_doActivateExtension vscode.typescript-language-features {"startup":false,"activationEvent":"onLanguage:jsonc"}
[2018-10-22 13:45:14.393] [exthost1] [info] ExtensionService#loadCommonJSModule c:\Users\student\.codemix\engine\resources\app\extensions\typescript-language-features\dist\extension
[2018-10-22 13:45:14.495] [exthost1] [info] ExtensionService#_doActivateExtension vscode.grunt {"startup":false,"activationEvent":"onCommand:workbench.action.tasks.runTask"}
[2018-10-22 13:45:14.495] [exthost1] [info] ExtensionService#loadCommonJSModule c:\Users\student\.codemix\engine\resources\app\extensions\grunt\out\main
[2018-10-22 13:45:14.500] [exthost1] [info] ExtensionService#_doActivateExtension vscode.gulp {"startup":false,"activationEvent":"onCommand:workbench.action.tasks.runTask"}
[2018-10-22 13:45:14.500] [exthost1] [info] ExtensionService#loadCommonJSModule c:\Users\student\.codemix\engine\resources\app\extensions\gulp\out\main
[2018-10-22 13:45:14.505] [exthost1] [info] ExtensionService#_doActivateExtension vscode.jake {"startup":false,"activationEvent":"onCommand:workbench.action.tasks.runTask"}
[2018-10-22 13:45:14.505] [exthost1] [info] ExtensionService#loadCommonJSModule c:\Users\student\.codemix\engine\resources\app\extensions\jake\out\main
[2018-10-22 13:45:14.510] [exthost1] [info] ExtensionService#_doActivateExtension vscode.npm {"startup":false,"activationEvent":"onCommand:workbench.action.tasks.runTask"}
[2018-10-22 13:45:14.510] [exthost1] [info] ExtensionService#loadCommonJSModule c:\Users\student\.codemix\engine\resources\app\extensions\npm\out\main
[2018-10-22 13:45:15.144] [exthost1] [info] ExtensionService#_doActivateExtension vscode.html-language-features {"startup":false,"activationEvent":"onLanguage:html"}
[2018-10-22 13:45:15.144] [exthost1] [info] ExtensionService#loadCommonJSModule c:\Users\student\.codemix\engine\resources\app\extensions\html-language-features\client\dist\htmlMain
[2018-10-22 13:45:15.259] [exthost1] [info] ExtensionService#_doActivateExtension mkaufman.HTMLHint {"startup":false,"activationEvent":"onLanguage:html"}
[2018-10-22 13:45:15.259] [exthost1] [info] ExtensionService#loadCommonJSModule C:\Users\student\.vscode\extensions\mkaufman.htmlhint-0.5.0\out\extension
