[2018-10-24 13:15:04.997] [exthost1] [info] extension host started
[2018-10-24 13:15:05.237] [exthost1] [info] extension host started
[2018-10-24 13:15:05.256] [exthost1] [info] ExtensionService#_doActivateExtension vscode.debug-auto-launch {"startup":true,"activationEvent":"*"}
[2018-10-24 13:15:05.256] [exthost1] [info] ExtensionService#loadCommonJSModule c:\Users\student\.codemix\engine\resources\app\extensions\debug-auto-launch\out\extension
[2018-10-24 13:15:05.263] [exthost1] [info] ExtensionService#_doActivateExtension vscode.emmet {"startup":true,"activationEvent":"*"}
[2018-10-24 13:15:05.264] [exthost1] [info] ExtensionService#loadCommonJSModule c:\Users\student\.codemix\engine\resources\app\extensions\emmet\dist\extension
[2018-10-24 13:15:05.297] [exthost1] [info] ExtensionService#_doActivateExtension vscode.merge-conflict {"startup":true,"activationEvent":"*"}
[2018-10-24 13:15:05.297] [exthost1] [info] ExtensionService#loadCommonJSModule c:\Users\student\.codemix\engine\resources\app\extensions\merge-conflict\out\extension
[2018-10-24 13:15:05.312] [exthost1] [info] ExtensionService#_doActivateExtension vscode.search-rg {"startup":true,"activationEvent":"*"}
[2018-10-24 13:15:05.312] [exthost1] [info] ExtensionService#loadCommonJSModule c:\Users\student\.codemix\engine\resources\app\extensions\search-rg\out\extension
[2018-10-24 13:15:05.319] [exthost1] [info] ExtensionService#_doActivateExtension christian-kohler.path-intellisense {"startup":true,"activationEvent":"*"}
[2018-10-24 13:15:05.319] [exthost1] [info] ExtensionService#loadCommonJSModule C:\Users\student\.vscode\extensions\christian-kohler.path-intellisense-1.4.2\out\src\extension
[2018-10-24 13:15:05.331] [exthost1] [info] ExtensionService#_doActivateExtension dbaeumer.vscode-eslint {"startup":true,"activationEvent":"*"}
[2018-10-24 13:15:05.331] [exthost1] [info] ExtensionService#loadCommonJSModule C:\Users\student\.vscode\extensions\dbaeumer.vscode-eslint-1.4.10\client\out\extension
[2018-10-24 13:15:05.390] [exthost1] [info] ExtensionService#_doActivateExtension formulahendry.auto-close-tag {"startup":true,"activationEvent":"*"}
[2018-10-24 13:15:05.390] [exthost1] [info] ExtensionService#loadCommonJSModule C:\Users\student\.vscode\extensions\formulahendry.auto-close-tag-0.5.6\out\src\extension
[2018-10-24 13:15:05.391] [exthost1] [info] ExtensionService#_doActivateExtension HookyQR.beautify {"startup":true,"activationEvent":"*"}
[2018-10-24 13:15:05.391] [exthost1] [info] ExtensionService#loadCommonJSModule C:\Users\student\.vscode\extensions\hookyqr.beautify-1.3.0\extension
[2018-10-24 13:15:05.431] [exthost1] [info] ExtensionService#_doActivateExtension Zignd.html-css-class-completion {"startup":true,"activationEvent":"*"}
[2018-10-24 13:15:05.431] [exthost1] [info] ExtensionService#loadCommonJSModule C:\Users\student\.vscode\extensions\zignd.html-css-class-completion-1.17.1\out\src\extension
[2018-10-24 13:15:06.067] [exthost1] [info] eager extensions activated
[2018-10-24 13:15:06.067] [exthost1] [info] ExtensionService#_doActivateExtension vscode.configuration-editing {"startup":false,"activationEvent":"onLanguage:jsonc"}
[2018-10-24 13:15:06.067] [exthost1] [info] ExtensionService#loadCommonJSModule c:\Users\student\.codemix\engine\resources\app\extensions\configuration-editing\out\extension
[2018-10-24 13:15:06.077] [exthost1] [info] ExtensionService#_doActivateExtension vscode.json-language-features {"startup":false,"activationEvent":"onLanguage:jsonc"}
[2018-10-24 13:15:06.077] [exthost1] [info] ExtensionService#loadCommonJSModule c:\Users\student\.codemix\engine\resources\app\extensions\json-language-features\client\dist\jsonMain
[2018-10-24 13:15:06.176] [exthost1] [info] ExtensionService#_doActivateExtension vscode.typescript-language-features {"startup":false,"activationEvent":"onLanguage:jsonc"}
[2018-10-24 13:15:06.176] [exthost1] [info] ExtensionService#loadCommonJSModule c:\Users\student\.codemix\engine\resources\app\extensions\typescript-language-features\dist\extension
[2018-10-24 13:15:06.269] [exthost1] [info] ExtensionService#_doActivateExtension vscode.grunt {"startup":false,"activationEvent":"onCommand:workbench.action.tasks.runTask"}
[2018-10-24 13:15:06.269] [exthost1] [info] ExtensionService#loadCommonJSModule c:\Users\student\.codemix\engine\resources\app\extensions\grunt\out\main
[2018-10-24 13:15:06.273] [exthost1] [info] ExtensionService#_doActivateExtension vscode.gulp {"startup":false,"activationEvent":"onCommand:workbench.action.tasks.runTask"}
[2018-10-24 13:15:06.273] [exthost1] [info] ExtensionService#loadCommonJSModule c:\Users\student\.codemix\engine\resources\app\extensions\gulp\out\main
[2018-10-24 13:15:06.277] [exthost1] [info] ExtensionService#_doActivateExtension vscode.jake {"startup":false,"activationEvent":"onCommand:workbench.action.tasks.runTask"}
[2018-10-24 13:15:06.277] [exthost1] [info] ExtensionService#loadCommonJSModule c:\Users\student\.codemix\engine\resources\app\extensions\jake\out\main
[2018-10-24 13:15:06.285] [exthost1] [info] ExtensionService#_doActivateExtension vscode.npm {"startup":false,"activationEvent":"onCommand:workbench.action.tasks.runTask"}
[2018-10-24 13:15:06.285] [exthost1] [info] ExtensionService#loadCommonJSModule c:\Users\student\.codemix\engine\resources\app\extensions\npm\out\main
[2018-10-24 13:15:07.675] [exthost1] [info] ExtensionService#_doActivateExtension vscode.html-language-features {"startup":false,"activationEvent":"onLanguage:html"}
[2018-10-24 13:15:07.675] [exthost1] [info] ExtensionService#loadCommonJSModule c:\Users\student\.codemix\engine\resources\app\extensions\html-language-features\client\dist\htmlMain
[2018-10-24 13:15:07.797] [exthost1] [info] ExtensionService#_doActivateExtension mkaufman.HTMLHint {"startup":false,"activationEvent":"onLanguage:html"}
[2018-10-24 13:15:07.797] [exthost1] [info] ExtensionService#loadCommonJSModule C:\Users\student\.vscode\extensions\mkaufman.htmlhint-0.5.0\out\extension
[2018-10-24 13:16:05.585] [exthost1] [info] ExtensionService#_doActivateExtension vscode.css-language-features {"startup":false,"activationEvent":"onLanguage:css"}
[2018-10-24 13:16:05.585] [exthost1] [info] ExtensionService#loadCommonJSModule c:\Users\student\.codemix\engine\resources\app\extensions\css-language-features\client\dist\cssMain
