[2018-10-24 09:25:43.502] [exthost1] [info] extension host started
[2018-10-24 09:25:43.519] [exthost1] [info] ExtensionService#_doActivateExtension vscode.debug-auto-launch {"startup":true,"activationEvent":"*"}
[2018-10-24 09:25:43.519] [exthost1] [info] ExtensionService#loadCommonJSModule c:\Users\student\.codemix\engine\resources\app\extensions\debug-auto-launch\out\extension
[2018-10-24 09:25:43.938] [exthost1] [info] ExtensionService#_doActivateExtension vscode.emmet {"startup":true,"activationEvent":"*"}
[2018-10-24 09:25:43.938] [exthost1] [info] ExtensionService#loadCommonJSModule c:\Users\student\.codemix\engine\resources\app\extensions\emmet\dist\extension
[2018-10-24 09:25:44.076] [exthost1] [info] ExtensionService#_doActivateExtension vscode.merge-conflict {"startup":true,"activationEvent":"*"}
[2018-10-24 09:25:44.076] [exthost1] [info] ExtensionService#loadCommonJSModule c:\Users\student\.codemix\engine\resources\app\extensions\merge-conflict\out\extension
[2018-10-24 09:25:44.538] [exthost1] [info] ExtensionService#_doActivateExtension vscode.search-rg {"startup":true,"activationEvent":"*"}
[2018-10-24 09:25:44.538] [exthost1] [info] ExtensionService#loadCommonJSModule c:\Users\student\.codemix\engine\resources\app\extensions\search-rg\out\extension
[2018-10-24 09:25:44.852] [exthost1] [info] ExtensionService#_doActivateExtension christian-kohler.path-intellisense {"startup":true,"activationEvent":"*"}
[2018-10-24 09:25:44.852] [exthost1] [info] ExtensionService#loadCommonJSModule C:\Users\student\.vscode\extensions\christian-kohler.path-intellisense-1.4.2\out\src\extension
[2018-10-24 09:25:45.141] [exthost1] [info] ExtensionService#_doActivateExtension dbaeumer.vscode-eslint {"startup":true,"activationEvent":"*"}
[2018-10-24 09:25:45.141] [exthost1] [info] ExtensionService#loadCommonJSModule C:\Users\student\.vscode\extensions\dbaeumer.vscode-eslint-1.4.10\client\out\extension
[2018-10-24 09:25:47.614] [exthost1] [info] ExtensionService#_doActivateExtension formulahendry.auto-close-tag {"startup":true,"activationEvent":"*"}
[2018-10-24 09:25:47.614] [exthost1] [info] ExtensionService#loadCommonJSModule C:\Users\student\.vscode\extensions\formulahendry.auto-close-tag-0.5.6\out\src\extension
[2018-10-24 09:25:47.670] [exthost1] [info] ExtensionService#_doActivateExtension HookyQR.beautify {"startup":true,"activationEvent":"*"}
[2018-10-24 09:25:47.670] [exthost1] [info] ExtensionService#loadCommonJSModule C:\Users\student\.vscode\extensions\hookyqr.beautify-1.3.0\extension
[2018-10-24 09:25:48.288] [exthost1] [info] ExtensionService#_doActivateExtension Zignd.html-css-class-completion {"startup":true,"activationEvent":"*"}
[2018-10-24 09:25:48.288] [exthost1] [info] ExtensionService#loadCommonJSModule C:\Users\student\.vscode\extensions\zignd.html-css-class-completion-1.17.1\out\src\extension
[2018-10-24 09:25:51.866] [exthost1] [info] eager extensions activated
