[2018-10-23 10:15:17.573] [exthost1] [info] extension host started
[2018-10-23 10:15:17.601] [exthost1] [info] ExtensionService#_doActivateExtension vscode.debug-auto-launch {"startup":true,"activationEvent":"*"}
[2018-10-23 10:15:17.601] [exthost1] [info] ExtensionService#loadCommonJSModule c:\Users\student\.codemix\engine\resources\app\extensions\debug-auto-launch\out\extension
[2018-10-23 10:15:17.669] [exthost1] [info] ExtensionService#_doActivateExtension vscode.emmet {"startup":true,"activationEvent":"*"}
[2018-10-23 10:15:17.669] [exthost1] [info] ExtensionService#loadCommonJSModule c:\Users\student\.codemix\engine\resources\app\extensions\emmet\dist\extension
[2018-10-23 10:15:17.788] [exthost1] [info] ExtensionService#_doActivateExtension vscode.merge-conflict {"startup":true,"activationEvent":"*"}
[2018-10-23 10:15:17.788] [exthost1] [info] ExtensionService#loadCommonJSModule c:\Users\student\.codemix\engine\resources\app\extensions\merge-conflict\out\extension
[2018-10-23 10:15:18.372] [exthost1] [info] ExtensionService#_doActivateExtension vscode.search-rg {"startup":true,"activationEvent":"*"}
[2018-10-23 10:15:18.372] [exthost1] [info] ExtensionService#loadCommonJSModule c:\Users\student\.codemix\engine\resources\app\extensions\search-rg\out\extension
[2018-10-23 10:15:18.661] [exthost1] [info] ExtensionService#_doActivateExtension christian-kohler.path-intellisense {"startup":true,"activationEvent":"*"}
[2018-10-23 10:15:18.661] [exthost1] [info] ExtensionService#loadCommonJSModule C:\Users\student\.vscode\extensions\christian-kohler.path-intellisense-1.4.2\out\src\extension
[2018-10-23 10:15:18.848] [exthost1] [info] ExtensionService#_doActivateExtension dbaeumer.vscode-eslint {"startup":true,"activationEvent":"*"}
[2018-10-23 10:15:18.848] [exthost1] [info] ExtensionService#loadCommonJSModule C:\Users\student\.vscode\extensions\dbaeumer.vscode-eslint-1.4.10\client\out\extension
[2018-10-23 10:15:19.362] [exthost1] [info] ExtensionService#_doActivateExtension formulahendry.auto-close-tag {"startup":true,"activationEvent":"*"}
[2018-10-23 10:15:19.362] [exthost1] [info] ExtensionService#loadCommonJSModule C:\Users\student\.vscode\extensions\formulahendry.auto-close-tag-0.5.6\out\src\extension
[2018-10-23 10:15:19.379] [exthost1] [info] ExtensionService#_doActivateExtension HookyQR.beautify {"startup":true,"activationEvent":"*"}
[2018-10-23 10:15:19.379] [exthost1] [info] ExtensionService#loadCommonJSModule C:\Users\student\.vscode\extensions\hookyqr.beautify-1.3.0\extension
[2018-10-23 10:15:19.716] [exthost1] [info] ExtensionService#_doActivateExtension Zignd.html-css-class-completion {"startup":true,"activationEvent":"*"}
[2018-10-23 10:15:19.717] [exthost1] [info] ExtensionService#loadCommonJSModule C:\Users\student\.vscode\extensions\zignd.html-css-class-completion-1.17.1\out\src\extension
[2018-10-23 10:15:23.760] [exthost1] [info] eager extensions activated
[2018-10-23 10:15:23.762] [exthost1] [info] ExtensionService#_doActivateExtension vscode.configuration-editing {"startup":false,"activationEvent":"onLanguage:jsonc"}
[2018-10-23 10:15:23.762] [exthost1] [info] ExtensionService#loadCommonJSModule c:\Users\student\.codemix\engine\resources\app\extensions\configuration-editing\out\extension
[2018-10-23 10:15:23.859] [exthost1] [info] ExtensionService#_doActivateExtension vscode.json-language-features {"startup":false,"activationEvent":"onLanguage:jsonc"}
[2018-10-23 10:15:23.859] [exthost1] [info] ExtensionService#loadCommonJSModule c:\Users\student\.codemix\engine\resources\app\extensions\json-language-features\client\dist\jsonMain
[2018-10-23 10:15:24.445] [exthost1] [info] ExtensionService#_doActivateExtension vscode.typescript-language-features {"startup":false,"activationEvent":"onLanguage:jsonc"}
[2018-10-23 10:15:24.445] [exthost1] [info] ExtensionService#loadCommonJSModule c:\Users\student\.codemix\engine\resources\app\extensions\typescript-language-features\dist\extension
[2018-10-23 10:15:24.966] [exthost1] [info] ExtensionService#_doActivateExtension vscode.grunt {"startup":false,"activationEvent":"onCommand:workbench.action.tasks.runTask"}
[2018-10-23 10:15:24.966] [exthost1] [info] ExtensionService#loadCommonJSModule c:\Users\student\.codemix\engine\resources\app\extensions\grunt\out\main
[2018-10-23 10:15:25.012] [exthost1] [info] ExtensionService#_doActivateExtension vscode.gulp {"startup":false,"activationEvent":"onCommand:workbench.action.tasks.runTask"}
[2018-10-23 10:15:25.012] [exthost1] [info] ExtensionService#loadCommonJSModule c:\Users\student\.codemix\engine\resources\app\extensions\gulp\out\main
[2018-10-23 10:15:25.044] [exthost1] [info] ExtensionService#_doActivateExtension vscode.jake {"startup":false,"activationEvent":"onCommand:workbench.action.tasks.runTask"}
[2018-10-23 10:15:25.044] [exthost1] [info] ExtensionService#loadCommonJSModule c:\Users\student\.codemix\engine\resources\app\extensions\jake\out\main
[2018-10-23 10:15:25.070] [exthost1] [info] ExtensionService#_doActivateExtension vscode.npm {"startup":false,"activationEvent":"onCommand:workbench.action.tasks.runTask"}
[2018-10-23 10:15:25.070] [exthost1] [info] ExtensionService#loadCommonJSModule c:\Users\student\.codemix\engine\resources\app\extensions\npm\out\main
